<?xml version="1.0" encoding="UTF-8"?>
<!-- Generated by org.testng.reporters.JUnitXMLReporter -->
<testsuite ignored="0" hostname="ATMECSINLT-829" failures="3" tests="3" name="Test" time="31.686" errors="0" timestamp="2022-11-17T17:17:03 IST">
  <testcase classname="org.atmecs.testscript.verifyDetailsInCheckoutTest" name="loginTest" time="5.266">
    <failure type="java.lang.NullPointerException" message="Cannot invoke &amp;quot;org.openqa.selenium.WebElement.click()&amp;quot; because &amp;quot;webelement&amp;quot; is null">
      <![CDATA[java.lang.NullPointerException: Cannot invoke "org.openqa.selenium.WebElement.click()" because "webelement" is null
at org.atmecs.constant.Pageactions.elementClick(Pageactions.java:29)
at org.atmecs.testscript.verifyDetailsInCheckoutTest.loginTest(verifyDetailsInCheckoutTest.java:41)
at java.base/java.util.ArrayList.forEach(ArrayList.java:1511)
... Removed 27 stack frames]]>
    </failure>
  </testcase> <!-- loginTest -->
  <testcase classname="org.atmecs.testscript.verifyDetailsInCheckoutTest" name="loginTest" time="5.237">
    <failure type="java.lang.NullPointerException" message="Cannot invoke &amp;quot;org.openqa.selenium.WebElement.click()&amp;quot; because &amp;quot;webelement&amp;quot; is null">
      <![CDATA[java.lang.NullPointerException: Cannot invoke "org.openqa.selenium.WebElement.click()" because "webelement" is null
at org.atmecs.constant.Pageactions.elementClick(Pageactions.java:29)
at org.atmecs.testscript.verifyDetailsInCheckoutTest.loginTest(verifyDetailsInCheckoutTest.java:41)
at java.base/java.util.ArrayList.forEach(ArrayList.java:1511)
... Removed 27 stack frames]]>
    </failure>
  </testcase> <!-- loginTest -->
  <testcase classname="org.atmecs.testscript.verifyDetailsInCheckoutTest" name="loginTest" time="5.242">
    <failure type="java.lang.NullPointerException" message="Cannot invoke &amp;quot;org.openqa.selenium.WebElement.click()&amp;quot; because &amp;quot;webelement&amp;quot; is null">
      <![CDATA[java.lang.NullPointerException: Cannot invoke "org.openqa.selenium.WebElement.click()" because "webelement" is null
at org.atmecs.constant.Pageactions.elementClick(Pageactions.java:29)
at org.atmecs.testscript.verifyDetailsInCheckoutTest.loginTest(verifyDetailsInCheckoutTest.java:41)
at java.base/java.util.ArrayList.forEach(ArrayList.java:1511)
... Removed 27 stack frames]]>
    </failure>
  </testcase> <!-- loginTest -->
</testsuite> <!-- Test -->
