<?xml version="1.0" encoding="UTF-8"?>
<!-- Generated by org.testng.reporters.JUnitXMLReporter -->
<testsuite ignored="0" hostname="ATMECSINLT-829" failures="1" tests="1" name="SampleTest" time="0.216" errors="0" timestamp="16 Nov 2022 06:48:05 GMT">
  <testcase classname="org.atmecs.testscript.VerifyLoginTest" name="contactUsTest" time="0.0">
    <failure type="org.testng.TestNGException" message="
Parameter &amp;apos;os&amp;apos; is required by @Test on method contactUsTest but has not been marked @Optional or defined
in C:\Users\vijayalakshmi.jogu\eclipse-workspace-2021-06\swaglabs-demo\src\main\resources\suitefile\contactus.xml">
      <![CDATA[org.testng.TestNGException: 
Parameter 'os' is required by @Test on method contactUsTest but has not been marked @Optional or defined
in C:\Users\vijayalakshmi.jogu\eclipse-workspace-2021-06\swaglabs-demo\src\main\resources\suitefile\contactus.xml
... Removed 24 stack frames]]>
    </failure>
  </testcase> <!-- contactUsTest -->
</testsuite> <!-- SampleTest -->
